[08-Aug-2022 13:20:42] NOTICE: fpm is running, pid 28068
[08-Aug-2022 13:20:42] NOTICE: ready to handle connections
[08-Aug-2022 13:20:42] NOTICE: systemd monitor interval set to 10000ms
[08-Aug-2022 13:21:34] NOTICE: Terminating ...
[08-Aug-2022 13:21:34] NOTICE: exiting, bye-bye!
[08-Aug-2022 13:21:34] NOTICE: fpm is running, pid 41866
[08-Aug-2022 13:21:34] NOTICE: ready to handle connections
[08-Aug-2022 13:21:34] NOTICE: systemd monitor interval set to 10000ms
[08-Aug-2022 13:38:07] NOTICE: Terminating ...
[08-Aug-2022 13:38:07] NOTICE: exiting, bye-bye!
[08-Aug-2022 13:38:07] NOTICE: fpm is running, pid 117981
[08-Aug-2022 13:38:07] NOTICE: ready to handle connections
[08-Aug-2022 13:38:07] NOTICE: systemd monitor interval set to 10000ms
[08-Aug-2022 13:38:11] NOTICE: Terminating ...
[08-Aug-2022 13:38:11] NOTICE: exiting, bye-bye!
[08-Aug-2022 13:38:11] NOTICE: fpm is running, pid 118533
[08-Aug-2022 13:38:11] NOTICE: ready to handle connections
[08-Aug-2022 13:38:11] NOTICE: systemd monitor interval set to 10000ms
[08-Aug-2022 13:38:39] NOTICE: Terminating ...
[08-Aug-2022 13:38:39] NOTICE: exiting, bye-bye!
[08-Aug-2022 13:38:39] NOTICE: fpm is running, pid 121922
[08-Aug-2022 13:38:39] NOTICE: ready to handle connections
[08-Aug-2022 13:38:39] NOTICE: systemd monitor interval set to 10000ms
[08-Aug-2022 17:53:40] NOTICE: Terminating ...
[08-Aug-2022 17:53:40] NOTICE: exiting, bye-bye!
[16-Aug-2022 18:47:44] NOTICE: fpm is running, pid 89264
[16-Aug-2022 18:47:44] NOTICE: ready to handle connections
[16-Aug-2022 18:47:44] NOTICE: systemd monitor interval set to 10000ms
[17-Aug-2022 14:09:26] NOTICE: fpm is running, pid 89275
[17-Aug-2022 14:09:26] NOTICE: ready to handle connections
[17-Aug-2022 14:09:26] NOTICE: systemd monitor interval set to 10000ms
