[08-Aug-2022 13:22:31] NOTICE: fpm is running, pid 55638
[08-Aug-2022 13:22:31] NOTICE: ready to handle connections
[08-Aug-2022 13:22:31] NOTICE: systemd monitor interval set to 10000ms
[08-Aug-2022 13:38:05] NOTICE: Terminating ...
[08-Aug-2022 13:38:05] NOTICE: exiting, bye-bye!
[08-Aug-2022 13:38:05] NOTICE: fpm is running, pid 117883
[08-Aug-2022 13:38:05] NOTICE: ready to handle connections
[08-Aug-2022 13:38:05] NOTICE: systemd monitor interval set to 10000ms
[08-Aug-2022 13:38:10] NOTICE: Terminating ...
[08-Aug-2022 13:38:10] NOTICE: exiting, bye-bye!
[08-Aug-2022 13:38:10] NOTICE: fpm is running, pid 118435
[08-Aug-2022 13:38:10] NOTICE: ready to handle connections
[08-Aug-2022 13:38:10] NOTICE: systemd monitor interval set to 10000ms
[08-Aug-2022 13:38:54] NOTICE: Terminating ...
[08-Aug-2022 13:38:54] NOTICE: exiting, bye-bye!
[08-Aug-2022 13:38:54] NOTICE: fpm is running, pid 123546
[08-Aug-2022 13:38:54] NOTICE: ready to handle connections
[08-Aug-2022 13:38:54] NOTICE: systemd monitor interval set to 10000ms
[08-Aug-2022 17:53:40] NOTICE: Terminating ...
[08-Aug-2022 17:53:40] NOTICE: exiting, bye-bye!
[16-Aug-2022 18:49:38] NOTICE: fpm is running, pid 116330
[16-Aug-2022 18:49:38] NOTICE: ready to handle connections
[16-Aug-2022 18:49:38] NOTICE: systemd monitor interval set to 10000ms
[17-Aug-2022 14:11:35] NOTICE: fpm is running, pid 117309
[17-Aug-2022 14:11:35] NOTICE: ready to handle connections
[17-Aug-2022 14:11:35] NOTICE: systemd monitor interval set to 10000ms
