[08-Aug-2022 13:24:25] NOTICE: fpm is running, pid 83055
[08-Aug-2022 13:24:25] NOTICE: ready to handle connections
[08-Aug-2022 13:24:25] NOTICE: systemd monitor interval set to 10000ms
[08-Aug-2022 13:38:06] NOTICE: Terminating ...
[08-Aug-2022 13:38:06] NOTICE: exiting, bye-bye!
[08-Aug-2022 13:38:06] NOTICE: fpm is running, pid 117939
[08-Aug-2022 13:38:06] NOTICE: ready to handle connections
[08-Aug-2022 13:38:06] NOTICE: systemd monitor interval set to 10000ms
[08-Aug-2022 13:38:11] NOTICE: Terminating ...
[08-Aug-2022 13:38:11] NOTICE: exiting, bye-bye!
[08-Aug-2022 13:38:11] NOTICE: fpm is running, pid 118491
[08-Aug-2022 13:38:11] NOTICE: ready to handle connections
[08-Aug-2022 13:38:11] NOTICE: systemd monitor interval set to 10000ms
[08-Aug-2022 13:39:11] NOTICE: Terminating ...
[08-Aug-2022 13:39:11] NOTICE: exiting, bye-bye!
[08-Aug-2022 13:39:11] NOTICE: fpm is running, pid 125439
[08-Aug-2022 13:39:11] NOTICE: ready to handle connections
[08-Aug-2022 13:39:11] NOTICE: systemd monitor interval set to 10000ms
[08-Aug-2022 17:53:40] NOTICE: Terminating ...
[08-Aug-2022 17:53:40] NOTICE: exiting, bye-bye!
[16-Aug-2022 18:52:07] NOTICE: fpm is running, pid 144677
[16-Aug-2022 18:52:07] NOTICE: ready to handle connections
[16-Aug-2022 18:52:07] NOTICE: systemd monitor interval set to 10000ms
[17-Aug-2022 14:13:38] NOTICE: fpm is running, pid 144716
[17-Aug-2022 14:13:38] NOTICE: ready to handle connections
[17-Aug-2022 14:13:38] NOTICE: systemd monitor interval set to 10000ms
