[08-Aug-2022 13:21:36] NOTICE: fpm is running, pid 41990
[08-Aug-2022 13:21:36] NOTICE: ready to handle connections
[08-Aug-2022 13:21:36] NOTICE: systemd monitor interval set to 10000ms
[08-Aug-2022 13:38:07] NOTICE: Terminating ...
[08-Aug-2022 13:38:07] NOTICE: exiting, bye-bye!
[08-Aug-2022 13:38:07] NOTICE: fpm is running, pid 117967
[08-Aug-2022 13:38:07] NOTICE: ready to handle connections
[08-Aug-2022 13:38:07] NOTICE: systemd monitor interval set to 10000ms
[08-Aug-2022 13:38:11] NOTICE: Terminating ...
[08-Aug-2022 13:38:11] NOTICE: exiting, bye-bye!
[08-Aug-2022 13:38:11] NOTICE: fpm is running, pid 118519
[08-Aug-2022 13:38:11] NOTICE: ready to handle connections
[08-Aug-2022 13:38:11] NOTICE: systemd monitor interval set to 10000ms
[08-Aug-2022 13:38:46] NOTICE: Terminating ...
[08-Aug-2022 13:38:46] NOTICE: exiting, bye-bye!
[08-Aug-2022 13:38:47] NOTICE: fpm is running, pid 122736
[08-Aug-2022 13:38:47] NOTICE: ready to handle connections
[08-Aug-2022 13:38:47] NOTICE: systemd monitor interval set to 10000ms
[08-Aug-2022 17:53:40] NOTICE: Terminating ...
[08-Aug-2022 17:53:40] NOTICE: exiting, bye-bye!
[16-Aug-2022 18:48:40] NOTICE: fpm is running, pid 102748
[16-Aug-2022 18:48:40] NOTICE: ready to handle connections
[16-Aug-2022 18:48:40] NOTICE: systemd monitor interval set to 10000ms
[17-Aug-2022 14:10:25] NOTICE: fpm is running, pid 102763
[17-Aug-2022 14:10:25] NOTICE: ready to handle connections
[17-Aug-2022 14:10:25] NOTICE: systemd monitor interval set to 10000ms
