[08-Aug-2022 13:23:31] NOTICE: fpm is running, pid 69425
[08-Aug-2022 13:23:31] NOTICE: ready to handle connections
[08-Aug-2022 13:23:31] NOTICE: systemd monitor interval set to 10000ms
[08-Aug-2022 13:38:06] NOTICE: Terminating ...
[08-Aug-2022 13:38:06] NOTICE: exiting, bye-bye!
[08-Aug-2022 13:38:06] NOTICE: fpm is running, pid 117953
[08-Aug-2022 13:38:06] NOTICE: ready to handle connections
[08-Aug-2022 13:38:06] NOTICE: systemd monitor interval set to 10000ms
[08-Aug-2022 13:38:11] NOTICE: Terminating ...
[08-Aug-2022 13:38:11] NOTICE: exiting, bye-bye!
[08-Aug-2022 13:38:11] NOTICE: fpm is running, pid 118505
[08-Aug-2022 13:38:11] NOTICE: ready to handle connections
[08-Aug-2022 13:38:11] NOTICE: systemd monitor interval set to 10000ms
[08-Aug-2022 13:39:02] NOTICE: Terminating ...
[08-Aug-2022 13:39:02] NOTICE: exiting, bye-bye!
[08-Aug-2022 13:39:03] NOTICE: fpm is running, pid 124630
[08-Aug-2022 13:39:03] NOTICE: ready to handle connections
[08-Aug-2022 13:39:03] NOTICE: systemd monitor interval set to 10000ms
[08-Aug-2022 17:53:40] NOTICE: Terminating ...
[08-Aug-2022 17:53:40] NOTICE: exiting, bye-bye!
[16-Aug-2022 18:50:43] NOTICE: fpm is running, pid 130439
[16-Aug-2022 18:50:43] NOTICE: ready to handle connections
[16-Aug-2022 18:50:43] NOTICE: systemd monitor interval set to 10000ms
[17-Aug-2022 14:12:38] NOTICE: fpm is running, pid 131088
[17-Aug-2022 14:12:38] NOTICE: ready to handle connections
[17-Aug-2022 14:12:38] NOTICE: systemd monitor interval set to 10000ms
