[08-Aug-2022 13:26:21] NOTICE: fpm is running, pid 110822
[08-Aug-2022 13:26:21] NOTICE: ready to handle connections
[08-Aug-2022 13:26:21] NOTICE: systemd monitor interval set to 10000ms
[08-Aug-2022 13:38:06] NOTICE: Terminating ...
[08-Aug-2022 13:38:06] NOTICE: exiting, bye-bye!
[08-Aug-2022 13:38:06] NOTICE: fpm is running, pid 117911
[08-Aug-2022 13:38:06] NOTICE: ready to handle connections
[08-Aug-2022 13:38:06] NOTICE: systemd monitor interval set to 10000ms
[08-Aug-2022 13:38:10] NOTICE: Terminating ...
[08-Aug-2022 13:38:10] NOTICE: exiting, bye-bye!
[08-Aug-2022 13:38:10] NOTICE: fpm is running, pid 118463
[08-Aug-2022 13:38:10] NOTICE: ready to handle connections
[08-Aug-2022 13:38:10] NOTICE: systemd monitor interval set to 10000ms
[08-Aug-2022 13:39:35] NOTICE: Terminating ...
[08-Aug-2022 13:39:35] NOTICE: exiting, bye-bye!
[08-Aug-2022 13:39:35] NOTICE: fpm is running, pid 127871
[08-Aug-2022 13:39:35] NOTICE: ready to handle connections
[08-Aug-2022 13:39:35] NOTICE: systemd monitor interval set to 10000ms
[08-Aug-2022 17:53:40] NOTICE: Terminating ...
[08-Aug-2022 17:53:40] NOTICE: exiting, bye-bye!
[16-Aug-2022 18:54:37] NOTICE: fpm is running, pid 172459
[16-Aug-2022 18:54:37] NOTICE: ready to handle connections
[16-Aug-2022 18:54:37] NOTICE: systemd monitor interval set to 10000ms
[17-Aug-2022 14:15:49] NOTICE: fpm is running, pid 172490
[17-Aug-2022 14:15:49] NOTICE: ready to handle connections
[17-Aug-2022 14:15:49] NOTICE: systemd monitor interval set to 10000ms
