[08-Aug-2022 13:25:26] NOTICE: fpm is running, pid 97330
[08-Aug-2022 13:25:26] NOTICE: ready to handle connections
[08-Aug-2022 13:25:26] NOTICE: systemd monitor interval set to 10000ms
[08-Aug-2022 13:38:06] NOTICE: Terminating ...
[08-Aug-2022 13:38:06] NOTICE: exiting, bye-bye!
[08-Aug-2022 13:38:06] NOTICE: fpm is running, pid 117925
[08-Aug-2022 13:38:06] NOTICE: ready to handle connections
[08-Aug-2022 13:38:06] NOTICE: systemd monitor interval set to 10000ms
[08-Aug-2022 13:38:10] NOTICE: Terminating ...
[08-Aug-2022 13:38:10] NOTICE: exiting, bye-bye!
[08-Aug-2022 13:38:10] NOTICE: fpm is running, pid 118477
[08-Aug-2022 13:38:10] NOTICE: ready to handle connections
[08-Aug-2022 13:38:10] NOTICE: systemd monitor interval set to 10000ms
[08-Aug-2022 13:39:27] NOTICE: Terminating ...
[08-Aug-2022 13:39:27] NOTICE: exiting, bye-bye!
[08-Aug-2022 13:39:27] NOTICE: fpm is running, pid 127058
[08-Aug-2022 13:39:27] NOTICE: ready to handle connections
[08-Aug-2022 13:39:27] NOTICE: systemd monitor interval set to 10000ms
[08-Aug-2022 17:53:40] NOTICE: Terminating ...
[08-Aug-2022 17:53:40] NOTICE: exiting, bye-bye!
[16-Aug-2022 18:53:39] NOTICE: fpm is running, pid 158969
[16-Aug-2022 18:53:39] NOTICE: ready to handle connections
[16-Aug-2022 18:53:39] NOTICE: systemd monitor interval set to 10000ms
[17-Aug-2022 14:14:47] NOTICE: fpm is running, pid 158994
[17-Aug-2022 14:14:47] NOTICE: ready to handle connections
[17-Aug-2022 14:14:47] NOTICE: systemd monitor interval set to 10000ms
